mode: atomic
github.com/aditya37/backend-jobs/api/repository/RegionImplRepo.go:19.51,21.2 1 9
github.com/aditya37/backend-jobs/api/repository/RegionImplRepo.go:24.76,27.2 2 1
github.com/aditya37/backend-jobs/api/repository/RegionImplRepo.go:30.72,33.2 2 1
github.com/aditya37/backend-jobs/api/repository/RegionImplRepo.go:36.76,39.2 2 1
github.com/aditya37/backend-jobs/api/repository/RegionImplRepo.go:42.53,46.2 3 2
github.com/aditya37/backend-jobs/api/repository/RegionImplRepo.go:49.51,53.2 3 2
github.com/aditya37/backend-jobs/api/repository/RegionImplRepo.go:56.53,60.2 3 2
